<?xml version="1.0" encoding="UTF-8"?>
<testsuite xmlns:xsi="http://www.w3.org/2001/XMLSchema-instance" xsi:noNamespaceSchemaLocation="https://maven.apache.org/surefire/maven-surefire-plugin/xsd/surefire-test-report.xsd" name="TestSuite" time="1.665" tests="84" errors="0" skipped="0" failures="0">
  <properties>
[...]
</properties>
  <testcase name="CrossSiteScriptingAsNewPassword" classname="tests.ChangePasswordTest" time="0.08"/>
  <testcase name="CrossSiteScriptingAsNewPassword" classname="tests.ChangePasswordTest" time="0"/>
  <testcase name="CrossSiteScriptingAsNewPassword" classname="tests.ChangePasswordTest" time="0.004"/>
  <testcase name="CrossSiteScriptingAsNewPassword" classname="tests.ChangePasswordTest" time="0.026"/>
  <testcase name="CrossSiteScriptingAsNewPassword" classname="tests.ChangePasswordTest" time="0.001"/>
  <testcase name="CrossSiteScriptingAsNewPassword" classname="tests.ChangePasswordTest" time="0.002"/>
  <testcase name="DangerousLinuxCommandsAsNewPassword" classname="tests.ChangePasswordTest" time="0.001"/>
  <testcase name="DangerousLinuxCommandsAsNewPassword" classname="tests.ChangePasswordTest" time="0"/>
  <testcase name="DangerousLinuxCommandsAsNewPassword" classname="tests.ChangePasswordTest" time="0.001"/>
  <testcase name="DangerousLinuxCommandsAsNewPassword" classname="tests.ChangePasswordTest" time="0.001"/>
  <testcase name="DangerousLinuxCommandsAsNewPassword" classname="tests.ChangePasswordTest" time="0.001"/>
  <testcase name="DangerousLinuxCommandsAsNewPassword" classname="tests.ChangePasswordTest" time="0.049"/>
  <testcase name="SQLInjectionAsNewPassword" classname="tests.ChangePasswordTest" time="0.001"/>
  <testcase name="SQLInjectionAsNewPassword" classname="tests.ChangePasswordTest" time="0.001"/>
  <testcase name="SQLInjectionAsNewPassword" classname="tests.ChangePasswordTest" time="0"/>
  <testcase name="SQLInjectionAsNewPassword" classname="tests.ChangePasswordTest" time="0.001"/>
  <testcase name="SQLInjectionAsNewPassword" classname="tests.ChangePasswordTest" time="0"/>
  <testcase name="SQLInjectionAsNewPassword" classname="tests.ChangePasswordTest" time="0"/>
  <testcase name="SQLInjectionAsNewPassword" classname="tests.ChangePasswordTest" time="0.001"/>
  <testcase name="blankNewPassword" classname="tests.ChangePasswordTest" time="0.001"/>
  <testcase name="escapeSequenceInBetweenNewPassword" classname="tests.ChangePasswordTest" time="0.001"/>
  <testcase name="leadingSpacesInNewPassword" classname="tests.ChangePasswordTest" time="0.001"/>
  <testcase name="newPassword100PercentMatchWithOldPassword" classname="tests.ChangePasswordTest" time="0.001"/>
  <testcase name="newPassword80PercentMatchWithOldPassword" classname="tests.ChangePasswordTest" time="0.001"/>
  <testcase name="newPassword85PercentMatchWithOldPassword" classname="tests.ChangePasswordTest" time="0.001"/>
  <testcase name="newPassword90PercentMatchWithOldPassword" classname="tests.ChangePasswordTest" time="0.001"/>
  <testcase name="newPassword95PercentMatchWithOldPassword" classname="tests.ChangePasswordTest" time="0.001"/>
  <testcase name="newPasswordEqualTo18" classname="tests.ChangePasswordTest" time="0.001"/>
  <testcase name="newPasswordGreaterThan18" classname="tests.ChangePasswordTest" time="0.001"/>
  <testcase name="newPasswordHasEmojiCharacter" classname="tests.ChangePasswordTest" time="0.001"/>
  <testcase name="newPasswordHasRegex1" classname="tests.ChangePasswordTest" time="0.002"/>
  <testcase name="newPasswordHasRegex2" classname="tests.ChangePasswordTest" time="0.001"/>
  <testcase name="newPasswordHasRegexOfTestCondition1" classname="tests.ChangePasswordTest" time="0.096"/>
  <testcase name="newPasswordHasUnicodeCharacter" classname="tests.ChangePasswordTest" time="0.001"/>
  <testcase name="newPasswordHasUnusualCharacter" classname="tests.ChangePasswordTest" time="0.001"/>
  <testcase name="newPasswordLessPalindromeOfOldPassword" classname="tests.ChangePasswordTest" time="0.001"/>
  <testcase name="newPasswordLessThan18" classname="tests.ChangePasswordTest" time="0.001"/>
  <testcase name="newPasswordLessThan80PercentMatchWithOldPassword" classname="tests.ChangePasswordTest" time="0.001"/>
  <testcase name="newPasswordSameAsOldPasswordWithUpperChangeToLowerAndSimilar" classname="tests.ChangePasswordTest" time="0.001"/>
  <testcase name="newPasswordWithAllowedSpecialCharacterRepeatedEqualToFourTimes" classname="tests.ChangePasswordTest" time="0.001"/>
  <testcase name="newPasswordWithAllowedSpecialCharacterRepeatedGreaterThanFourTimes" classname="tests.ChangePasswordTest" time="0.001"/>
  <testcase name="newPasswordWithAllowedSpecialCharacterRepeatedLessThanFourTimes" classname="tests.ChangePasswordTest" time="0.002"/>
  <testcase name="newPasswordWithAllowedSpecialCharactersEqualToFourTimes" classname="tests.ChangePasswordTest" time="0.001"/>
  <testcase name="newPasswordWithAllowedSpecialCharactersGreaterThanFourTimes" classname="tests.ChangePasswordTest" time="0.001"/>
  <testcase name="newPasswordWithAllowedSpecialCharactersLessThanFourTimes" classname="tests.ChangePasswordTest" time="0.005"/>
  <testcase name="newPasswordWithDigitRepeatedEqualToFourTimes" classname="tests.ChangePasswordTest" time="0.001"/>
  <testcase name="newPasswordWithDigitRepeatedGreaterThanFourTimes" classname="tests.ChangePasswordTest" time="0.001"/>
  <testcase name="newPasswordWithDigitRepeatedLessThanFourTimes" classname="tests.ChangePasswordTest" time="0.001"/>
  <testcase name="newPasswordWithDigitsEqualToFiftyPercentTimes" classname="tests.ChangePasswordTest" time="0.001"/>
  <testcase name="newPasswordWithDigitsGreaterThanFiftyPercentTimes" classname="tests.ChangePasswordTest" time="0.001"/>
  <testcase name="newPasswordWithDigitsLessThanFiftyPercentTimes" classname="tests.ChangePasswordTest" time="0.001"/>
  <testcase name="newPasswordWithLowerCaseRepeatedEqualToFourTimes" classname="tests.ChangePasswordTest" time="0.001"/>
  <testcase name="newPasswordWithLowerCaseRepeatedGreaterThanFourTimes" classname="tests.ChangePasswordTest" time="0.001"/>
  <testcase name="newPasswordWithLowerCaseRepeatedLessThanFourTimes" classname="tests.ChangePasswordTest" time="0.001"/>
  <testcase name="newPasswordWithOnlyAllowedSpecialCharacters" classname="tests.ChangePasswordTest" time="0.001"/>
  <testcase name="newPasswordWithOnlyDigit" classname="tests.ChangePasswordTest" time="0"/>
  <testcase name="newPasswordWithOnlyDigitAndAllowedSpecialCharacters" classname="tests.ChangePasswordTest" time="0"/>
  <testcase name="newPasswordWithOnlyLowerCaseCharacters" classname="tests.ChangePasswordTest" time="0"/>
  <testcase name="newPasswordWithOnlyLowerCaseCharactersAndAllowedSpecialCharacters" classname="tests.ChangePasswordTest" time="0.001"/>
  <testcase name="newPasswordWithOnlyLowerCaseCharactersAndDigits" classname="tests.ChangePasswordTest" time="0.001"/>
  <testcase name="newPasswordWithOnlyLowerCaseCharactersDigitsAndAllowedSpecialCharacters" classname="tests.ChangePasswordTest" time="0.034"/>
  <testcase name="newPasswordWithOnlyUnallowedSpecialCharacters" classname="tests.ChangePasswordTest" time="0"/>
  <testcase name="newPasswordWithOnlyUpperAndLowerCaseCharacters" classname="tests.ChangePasswordTest" time="0"/>
  <testcase name="newPasswordWithOnlyUpperCaseCharacters" classname="tests.ChangePasswordTest" time="0"/>
  <testcase name="newPasswordWithOnlyUpperCaseCharactersAndAllowedSpecialCharacters" classname="tests.ChangePasswordTest" time="0.001"/>
  <testcase name="newPasswordWithOnlyUpperCaseCharactersAndDigits" classname="tests.ChangePasswordTest" time="0"/>
  <testcase name="newPasswordWithOnlyUpperCaseCharactersDigitsAndAllowedSpecialCharacters" classname="tests.ChangePasswordTest" time="0.001"/>
  <testcase name="newPasswordWithOnlyUpperCaseLowerCaseCharactersAndDigits" classname="tests.ChangePasswordTest" time="0.001"/>
  <testcase name="newPasswordWithUpperCaseLowerCaseCharactersDigitsAndAllowedSpecialCharacters" classname="tests.ChangePasswordTest" time="0.002"/>
  <testcase name="newPasswordWithUpperCaseRepeatedEqualToFourTimes" classname="tests.ChangePasswordTest" time="0.002"/>
  <testcase name="newPasswordWithUpperCaseRepeatedGreaterThanFourTimes" classname="tests.ChangePasswordTest" time="0.001"/>
  <testcase name="newPasswordWithUpperCaseRepeatedLessThanFourTimes" classname="tests.ChangePasswordTest" time="0.001"/>
  <testcase name="nullAsNewPassword" classname="tests.ChangePasswordTest" time="0"/>
  <testcase name="oldPasswordDoesntMatchWithSystem" classname="tests.ChangePasswordTest" time="0.001"/>
  <testcase name="oldPasswordEmpty" classname="tests.ChangePasswordTest" time="0"/>
  <testcase name="oldPasswordnull" classname="tests.ChangePasswordTest" time="0.001"/>
  <testcase name="onlySpacesInNewPassword" classname="tests.ChangePasswordTest" time="0.001"/>
  <testcase name="spacesInBetweenNewPassword" classname="tests.ChangePasswordTest" time="0.001"/>
  <testcase name="trailingSpacesInNewPassword" classname="tests.ChangePasswordTest" time="0"/>
  <testcase name="validNewPasswordReverseOfCorrectOldPassword" classname="tests.ChangePasswordTest" time="0.001"/>
  <testcase name="validNewPasswordStartsWithAllowedSpecialCharacter" classname="tests.ChangePasswordTest" time="0.001"/>
  <testcase name="validNewPasswordStartsWithDigit" classname="tests.ChangePasswordTest" time="0"/>
  <testcase name="validNewPasswordStartsWithLowerCase" classname="tests.ChangePasswordTest" time="0.001"/>
  <testcase name="validNewPasswordStartsWithUpperCase" classname="tests.ChangePasswordTest" time="0.001"/>
</testsuite>