<?xml version="1.0" encoding="UTF-8"?>
<!-- Generated by org.testng.reporters.JUnitXMLReporter -->
<testsuite hostname="D11-KaranMeshram.local" ignored="0" name="Change Password Test" tests="84" failures="0" timestamp="2020-02-23T12:55:51 IST" time="0.354" errors="0">
  <testcase name="CrossSiteScriptingAsNewPassword" time="0.078" classname="tests.ChangePasswordTest"/>
  <testcase name="CrossSiteScriptingAsNewPassword" time="0.002" classname="tests.ChangePasswordTest"/>
  <testcase name="CrossSiteScriptingAsNewPassword" time="0.002" classname="tests.ChangePasswordTest"/>
  <testcase name="CrossSiteScriptingAsNewPassword" time="0.002" classname="tests.ChangePasswordTest"/>
  <testcase name="CrossSiteScriptingAsNewPassword" time="0.002" classname="tests.ChangePasswordTest"/>
  <testcase name="CrossSiteScriptingAsNewPassword" time="0.002" classname="tests.ChangePasswordTest"/>
  <testcase name="DangerousLinuxCommandsAsNewPassword" time="0.001" classname="tests.ChangePasswordTest"/>
  <testcase name="DangerousLinuxCommandsAsNewPassword" time="0.001" classname="tests.ChangePasswordTest"/>
  <testcase name="DangerousLinuxCommandsAsNewPassword" time="0.001" classname="tests.ChangePasswordTest"/>
  <testcase name="DangerousLinuxCommandsAsNewPassword" time="0.001" classname="tests.ChangePasswordTest"/>
  <testcase name="DangerousLinuxCommandsAsNewPassword" time="0.001" classname="tests.ChangePasswordTest"/>
  <testcase name="DangerousLinuxCommandsAsNewPassword" time="0.001" classname="tests.ChangePasswordTest"/>
  <testcase name="SQLInjectionAsNewPassword" time="0.001" classname="tests.ChangePasswordTest"/>
  <testcase name="SQLInjectionAsNewPassword" time="0.001" classname="tests.ChangePasswordTest"/>
  <testcase name="SQLInjectionAsNewPassword" time="0.001" classname="tests.ChangePasswordTest"/>
  <testcase name="SQLInjectionAsNewPassword" time="0.001" classname="tests.ChangePasswordTest"/>
  <testcase name="SQLInjectionAsNewPassword" time="0.001" classname="tests.ChangePasswordTest"/>
  <testcase name="SQLInjectionAsNewPassword" time="0.001" classname="tests.ChangePasswordTest"/>
  <testcase name="SQLInjectionAsNewPassword" time="0.001" classname="tests.ChangePasswordTest"/>
  <testcase name="blankNewPassword" time="0.002" classname="tests.ChangePasswordTest"/>
  <testcase name="escapeSequenceInBetweenNewPassword" time="0.001" classname="tests.ChangePasswordTest"/>
  <testcase name="leadingSpacesInNewPassword" time="0.002" classname="tests.ChangePasswordTest"/>
  <testcase name="newPassword100PercentMatchWithOldPassword" time="0.003" classname="tests.ChangePasswordTest"/>
  <testcase name="newPassword80PercentMatchWithOldPassword" time="0.002" classname="tests.ChangePasswordTest"/>
  <testcase name="newPassword85PercentMatchWithOldPassword" time="0.001" classname="tests.ChangePasswordTest"/>
  <testcase name="newPassword90PercentMatchWithOldPassword" time="0.002" classname="tests.ChangePasswordTest"/>
  <testcase name="newPassword95PercentMatchWithOldPassword" time="0.002" classname="tests.ChangePasswordTest"/>
  <testcase name="newPasswordEqualTo18" time="0.002" classname="tests.ChangePasswordTest"/>
  <testcase name="newPasswordGreaterThan18" time="0.003" classname="tests.ChangePasswordTest"/>
  <testcase name="newPasswordHasEmojiCharacter" time="0.001" classname="tests.ChangePasswordTest"/>
  <testcase name="newPasswordHasRegex1" time="0.001" classname="tests.ChangePasswordTest"/>
  <testcase name="newPasswordHasRegex2" time="0.002" classname="tests.ChangePasswordTest"/>
  <testcase name="newPasswordHasRegexOfTestCondition1" time="0.001" classname="tests.ChangePasswordTest"/>
  <testcase name="newPasswordHasUnicodeCharacter" time="0.001" classname="tests.ChangePasswordTest"/>
  <testcase name="newPasswordHasUnusualCharacter" time="0.001" classname="tests.ChangePasswordTest"/>
  <testcase name="newPasswordLessPalindromeOfOldPassword" time="0.001" classname="tests.ChangePasswordTest"/>
  <testcase name="newPasswordLessThan18" time="0.001" classname="tests.ChangePasswordTest"/>
  <testcase name="newPasswordLessThan80PercentMatchWithOldPassword" time="0.002" classname="tests.ChangePasswordTest"/>
  <testcase name="newPasswordSameAsOldPasswordWithUpperChangeToLowerAndSimilar" time="0.003" classname="tests.ChangePasswordTest"/>
  <testcase name="newPasswordWithAllowedSpecialCharacterRepeatedEqualToFourTimes" time="0.003" classname="tests.ChangePasswordTest"/>
  <testcase name="newPasswordWithAllowedSpecialCharacterRepeatedGreaterThanFourTimes" time="0.003" classname="tests.ChangePasswordTest"/>
  <testcase name="newPasswordWithAllowedSpecialCharacterRepeatedLessThanFourTimes" time="0.002" classname="tests.ChangePasswordTest"/>
  <testcase name="newPasswordWithAllowedSpecialCharactersEqualToFourTimes" time="0.003" classname="tests.ChangePasswordTest"/>
  <testcase name="newPasswordWithAllowedSpecialCharactersGreaterThanFourTimes" time="0.009" classname="tests.ChangePasswordTest"/>
  <testcase name="newPasswordWithAllowedSpecialCharactersLessThanFourTimes" time="0.002" classname="tests.ChangePasswordTest"/>
  <testcase name="newPasswordWithDigitRepeatedEqualToFourTimes" time="0.003" classname="tests.ChangePasswordTest"/>
  <testcase name="newPasswordWithDigitRepeatedGreaterThanFourTimes" time="0.002" classname="tests.ChangePasswordTest"/>
  <testcase name="newPasswordWithDigitRepeatedLessThanFourTimes" time="0.002" classname="tests.ChangePasswordTest"/>
  <testcase name="newPasswordWithDigitsEqualToFiftyPercentTimes" time="0.002" classname="tests.ChangePasswordTest"/>
  <testcase name="newPasswordWithDigitsGreaterThanFiftyPercentTimes" time="0.002" classname="tests.ChangePasswordTest"/>
  <testcase name="newPasswordWithDigitsLessThanFiftyPercentTimes" time="0.002" classname="tests.ChangePasswordTest"/>
  <testcase name="newPasswordWithLowerCaseRepeatedEqualToFourTimes" time="0.002" classname="tests.ChangePasswordTest"/>
  <testcase name="newPasswordWithLowerCaseRepeatedGreaterThanFourTimes" time="0.002" classname="tests.ChangePasswordTest"/>
  <testcase name="newPasswordWithLowerCaseRepeatedLessThanFourTimes" time="0.003" classname="tests.ChangePasswordTest"/>
  <testcase name="newPasswordWithOnlyAllowedSpecialCharacters" time="0.002" classname="tests.ChangePasswordTest"/>
  <testcase name="newPasswordWithOnlyDigit" time="0.001" classname="tests.ChangePasswordTest"/>
  <testcase name="newPasswordWithOnlyDigitAndAllowedSpecialCharacters" time="0.001" classname="tests.ChangePasswordTest"/>
  <testcase name="newPasswordWithOnlyLowerCaseCharacters" time="0.002" classname="tests.ChangePasswordTest"/>
  <testcase name="newPasswordWithOnlyLowerCaseCharactersAndAllowedSpecialCharacters" time="0.002" classname="tests.ChangePasswordTest"/>
  <testcase name="newPasswordWithOnlyLowerCaseCharactersAndDigits" time="0.002" classname="tests.ChangePasswordTest"/>
  <testcase name="newPasswordWithOnlyLowerCaseCharactersDigitsAndAllowedSpecialCharacters" time="0.001" classname="tests.ChangePasswordTest"/>
  <testcase name="newPasswordWithOnlyUnallowedSpecialCharacters" time="0.001" classname="tests.ChangePasswordTest"/>
  <testcase name="newPasswordWithOnlyUpperAndLowerCaseCharacters" time="0.002" classname="tests.ChangePasswordTest"/>
  <testcase name="newPasswordWithOnlyUpperCaseCharacters" time="0.001" classname="tests.ChangePasswordTest"/>
  <testcase name="newPasswordWithOnlyUpperCaseCharactersAndAllowedSpecialCharacters" time="0.001" classname="tests.ChangePasswordTest"/>
  <testcase name="newPasswordWithOnlyUpperCaseCharactersAndDigits" time="0.001" classname="tests.ChangePasswordTest"/>
  <testcase name="newPasswordWithOnlyUpperCaseCharactersDigitsAndAllowedSpecialCharacters" time="0.001" classname="tests.ChangePasswordTest"/>
  <testcase name="newPasswordWithOnlyUpperCaseLowerCaseCharactersAndDigits" time="0.002" classname="tests.ChangePasswordTest"/>
  <testcase name="newPasswordWithUpperCaseLowerCaseCharactersDigitsAndAllowedSpecialCharacters" time="0.002" classname="tests.ChangePasswordTest"/>
  <testcase name="newPasswordWithUpperCaseRepeatedEqualToFourTimes" time="0.001" classname="tests.ChangePasswordTest"/>
  <testcase name="newPasswordWithUpperCaseRepeatedGreaterThanFourTimes" time="0.001" classname="tests.ChangePasswordTest"/>
  <testcase name="newPasswordWithUpperCaseRepeatedLessThanFourTimes" time="0.002" classname="tests.ChangePasswordTest"/>
  <testcase name="nullAsNewPassword" time="0.001" classname="tests.ChangePasswordTest"/>
  <testcase name="oldPasswordDoesntMatchWithSystem" time="0.001" classname="tests.ChangePasswordTest"/>
  <testcase name="oldPasswordEmpty" time="0.001" classname="tests.ChangePasswordTest"/>
  <testcase name="oldPasswordnull" time="0.001" classname="tests.ChangePasswordTest"/>
  <testcase name="onlySpacesInNewPassword" time="0.001" classname="tests.ChangePasswordTest"/>
  <testcase name="spacesInBetweenNewPassword" time="0.001" classname="tests.ChangePasswordTest"/>
  <testcase name="trailingSpacesInNewPassword" time="0.001" classname="tests.ChangePasswordTest"/>
  <testcase name="validNewPasswordReverseOfCorrectOldPassword" time="0.001" classname="tests.ChangePasswordTest"/>
  <testcase name="validNewPasswordStartsWithAllowedSpecialCharacter" time="0.001" classname="tests.ChangePasswordTest"/>
  <testcase name="validNewPasswordStartsWithDigit" time="0.001" classname="tests.ChangePasswordTest"/>
  <testcase name="validNewPasswordStartsWithLowerCase" time="0.002" classname="tests.ChangePasswordTest"/>
  <testcase name="validNewPasswordStartsWithUpperCase" time="0.002" classname="tests.ChangePasswordTest"/>
</testsuite> <!-- Change Password Test -->
